#
# A fatal error has been detected by the Java Runtime Environment:
#
#  EXCEPTION_ACCESS_VIOLATION (0xc0000005) at pc=0x00000000476be90d, pid=27392, tid=528
#
# JRE version: Java(TM) SE Runtime Environment (21.0.1+12) (build 21.0.1+12-LTS-29)
# Java VM: Java HotSpot(TM) 64-Bit Server VM (21.0.1+12-LTS-29, mixed mode, sharing, tiered, compressed oops, compressed class ptrs, g1 gc, windows-amd64)
# Problematic frame:
# C  0x000000a9509fddd8
#
# No core dump will be written. Minidumps are not enabled by default on client versions of Windows
#
# If you would like to submit a bug report, please visit:
#   https://bugreport.java.com/bugreport/crash.jsp
#

---------------  S U M M A R Y ------------

Command Line: -javaagent:D:\JetBrains\IntelliJ IDEA 2023.2.3\lib\idea_rt.jar=1669:D:\JetBrains\IntelliJ IDEA 2023.2.3\bin -Dfile.encoding=UTF-8 -Dsun.stdout.encoding=UTF-8 -Dsun.stderr.encoding=UTF-8 ToDoList

Host: 12th Gen Intel(R) Core(TM) i9-12900KS, 24 cores, 31G,  Windows 11 , 64 bit Build 22621 (10.0.22621.2506)
Time: Sat Dec  2 18:22:40 2023 China Standard Time elapsed time: 1.017723 seconds (0d 0h 0m 1s)

---------------  T H R E A D  ---------------

Current thread (0x0000022c5d574720):  JavaThread "Attach Listener" daemon [_thread_in_Java, id=528, stack(0x000000a950900000,0x000000a950a00000) (1024K)]

Stack: [0x000000a950900000,0x000000a950a00000],  sp=0x000000a9509fdde0,  free space=1015k
Native frames: (J=compiled Java code, j=interpreted, Vv=VM code, C=native code)
C  0x00000000476be90d


siginfo: EXCEPTION_ACCESS_VIOLATION (0xc0000005), data execution prevention violation at address 0x00000000476be90d


Registers:
RAX=0x0000000000008000, RBX=0x0000000000000010, RCX=0x0000000000000000, RDX=0x00000000ffff8000
RSP=0x000000a9509fddd8, RBP=0x000000a9509fde20, RSI=0x0000022c5e66d6e0, RDI=0x0000022c5e66d6e7
R8 =0x000000a9509fddb8, R9 =0x0000000623805930, R10=0x00007ff9f711bf80, R11=0x0000022c47e1a240
R12=0x0000000000000000, R13=0x0000022c5e66e4c4, R14=0x000000a9509fde30, R15=0x0000022c5d574720
RIP=0x00000000476be90d, EFLAGS=0x0000000000010202


Register to memory mapping:

RAX=0x0000000000008000 is an unknown value
RBX=0x0000000000000010 is an unknown value
RCX=0x0 is null
RDX=0x00000000ffff8000 is an unknown value
RSP=0x000000a9509fddd8 is pointing into the stack for thread: 0x0000022c5d574720
RBP=0x000000a9509fde20 is pointing into the stack for thread: 0x0000022c5d574720
RSI=0x0000022c5e66d6e0 is pointing into metadata
RDI=0x0000022c5e66d6e7 is pointing into metadata
R8 =0x000000a9509fddb8 is pointing into the stack for thread: 0x0000022c5d574720
R9 =0x0000000623805930 is an oop: java.lang.Class 
{0x0000000623805930} - klass: 'java/lang/Class'
 - ---- fields (total size 16 words):
 - private volatile transient 'classRedefinedCount' 'I' @12  0 (0x00000000)
 - injected 'klass' 'J' @16  2389579390536 (0x0000022c5e07de48)
 - injected 'array_klass' 'J' @24  0 (0x0000000000000000)
 - injected 'oop_size' 'I' @32  16 (0x00000010)
 - injected 'static_oop_field_count' 'I' @36  0 (0x00000000)
 - private volatile transient 'cachedConstructor' 'Ljava/lang/reflect/Constructor;' @40  null (0x00000000)
 - private transient 'name' 'Ljava/lang/String;' @44  null (0x00000000)
 - private transient 'module' 'Ljava/lang/Module;' @48  a 'java/lang/Module'{0x00000006239f4218} (0xc473e843)
 - private final 'classLoader' 'Ljava/lang/ClassLoader;' @52  null (0x00000000)
 - private transient 'classData' 'Ljava/lang/Object;' @56  null (0x00000000)
 - private transient 'packageName' 'Ljava/lang/String;' @60  null (0x00000000)
 - private final 'componentType' 'Ljava/lang/Class;' @64  null (0x00000000)
 - private volatile transient 'reflectionData' 'Ljava/lang/ref/SoftReference;' @68  null (0x00000000)
 - private volatile transient 'genericInfo' 'Lsun/reflect/generics/repository/ClassRepository;' @72  null (0x00000000)
 - private volatile transient 'enumConstants' '[Ljava/lang/Object;' @76  null (0x00000000)
 - private volatile transient 'enumConstantDirectory' 'Ljava/util/Map;' @80  null (0x00000000)
 - private volatile transient 'annotationData' 'Ljava/lang/Class$AnnotationData;' @84  null (0x00000000)
 - private volatile transient 'annotationType' 'Lsun/reflect/annotation/AnnotationType;' @88  null (0x00000000)
 - transient 'classValueMap' 'Ljava/lang/ClassValue$ClassValueMap;' @92  null (0x00000000)
 - injected 'protection_domain' 'Ljava/lang/Object;' @96  null (0x00000000)
 - injected 'signers_name' 'Ljava/lang/Object;' @100  null (0x00000000)
 - injected 'source_file' 'Ljava/lang/Object;' @104  null (0x00000000)
 - signature: Ljdk/internal/misc/UnsafeConstants;
 - ---- static fields (0):
 - static final 'ADDRESS_SIZE0' 'I' @112  8 (0x00000008)
 - static final 'PAGE_SIZE' 'I' @116  4096 (0x00001000)
 - static final 'BIG_ENDIAN' 'Z' @124  false (0x00)
 - static final 'UNALIGNED_ACCESS' 'Z' @125  true (0x01)
 - static final 'DATA_CACHE_LINE_FLUSH_SIZE' 'I' @120  0 (0x00000000)
R10=0x00007ff9f711bf80 jvm.dll
R11=0x0000022c47e1a240 is at entry_point+32 in (nmethod*)0x0000022c47e1a090
Compiled method (n/a)    1022  334     n 0       jdk.internal.misc.Unsafe::getShort (native)
 total in heap  [0x0000022c47e1a090,0x0000022c47e1a468] = 984
 relocation     [0x0000022c47e1a1f0,0x0000022c47e1a220] = 48
 main code      [0x0000022c47e1a220,0x0000022c47e1a461] = 577
 stub code      [0x0000022c47e1a461,0x0000022c47e1a468] = 7
R12=0x0 is null
R13=0x0000022c5e66e4c4 is pointing into metadata
R14=0x000000a9509fde30 is pointing into the stack for thread: 0x0000022c5d574720
R15=0x0000022c5d574720 is a thread

Top of Stack: (sp=0x000000a9509fddd8)
0x000000a9509fddd8:   000000a9509fddd8 0000022c5e66e4c0
0x000000a9509fdde8:   0000000000000002 0000022c5e034da8
0x000000a9509fddf8:   0000022c9f0f1e90 0000000623807818
0x000000a9509fde08:   0000022c5e0356c8 0000000000000000
0x000000a9509fde18:   000000a9509fde30 000000a9509fde80
0x000000a9509fde28:   0000022c476b896e 00000000ffff8000
0x000000a9509fde38:   000000a9509fde38 0000022c5ebd5cdc
0x000000a9509fde48:   0000000000000003 0000022c5e44b058
0x000000a9509fde58:   0000022c9f0f1d38 00000006238059b0
0x000000a9509fde68:   0000022c5e445058 000000a9509fde30
0x000000a9509fde78:   000000a9509fde90 000000a9509fdee8
0x000000a9509fde88:   0000022c476b896e 00000000ffff8000
0x000000a9509fde98:   0000000000000001 000000a9509fdea0
0x000000a9509fdea8:   0000022c5ebdbe98 0000000000000006
0x000000a9509fdeb8:   0000022c5e44b058 0000022c9f0f18f8
0x000000a9509fdec8:   00000006238059b0 0000022c5e448aa0
0x000000a9509fded8:   000000a9509fde90 000000a9509fdef8
0x000000a9509fdee8:   000000a9509fdf68 0000022c476b896e
0x000000a9509fdef8:   0000000000000001 0000000000000010
0x000000a9509fdf08:   0000000000000000 0000000623579c78
0x000000a9509fdf18:   0000000623813460 000000a9509fdf20
0x000000a9509fdf28:   0000022c5e959750 0000000000000006
0x000000a9509fdf38:   0000022c5e2566e0 0000022c9f0f15d0
0x000000a9509fdf48:   000000062357bdd8 0000022c5e256d00
0x000000a9509fdf58:   000000a9509fdef8 000000a9509fdf80
0x000000a9509fdf68:   000000a9509fdfe8 0000022c476b896e
0x000000a9509fdf78:   0000000623579c78 000000062357c508
0x000000a9509fdf88:   0000000000000000 0000000623579c78
0x000000a9509fdf98:   000000062357c508 000000a9509fdfa0
0x000000a9509fdfa8:   0000022c5e7fe945 0000000000000007
0x000000a9509fdfb8:   0000022c5e156b50 0000022c9f0f1220
0x000000a9509fdfc8:   0000000623400ab8 0000022c5e1584f0 

Instructions: (pc=0x000000a9509fddd8)
0x000000a9509fdcd8:   90 dd 9f 50 a9 00 00 00 20 47 57 5d 2c 02 00 00
0x000000a9509fdce8:   d8 dd 9f 50 a9 00 00 00 00 00 00 00 08 1c 00 00
0x000000a9509fdcf8:   02 00 00 00 06 00 00 00 20 47 57 5d 2c 02 00 00
0x000000a9509fdd08:   08 dd 9f 50 a9 00 00 00 00 00 00 00 00 00 00 00
0x000000a9509fdd18:   ef 27 e0 47 2c 02 00 00 b0 af 01 5e 2c 02 00 00
0x000000a9509fdd28:   a0 dd 9f 50 a9 00 00 00 02 00 00 00 00 00 00 00
0x000000a9509fdd38:   c8 0a 45 5e 2c 02 00 00 68 dd 9f 50 a9 00 00 00
0x000000a9509fdd48:   00 00 00 00 00 00 00 00 02 00 00 00 00 00 00 00
0x000000a9509fdd58:   00 ef ce f6 f9 7f 00 00 90 9c 57 23 06 00 00 00
0x000000a9509fdd68:   78 9c 57 23 06 00 00 00 68 9a 57 23 06 00 00 00
0x000000a9509fdd78:   78 dd 9f 50 a9 00 00 00 07 00 00 00 00 00 00 00
0x000000a9509fdd88:   22 a3 e1 47 2c 02 00 00 40 a7 44 5e 2c 02 00 00
0x000000a9509fdd98:   00 00 00 00 00 00 00 00 20 de 9f 50 a9 00 00 00
0x000000a9509fdda8:   46 88 6b 47 2c 02 00 00 60 34 81 23 06 00 00 00
0x000000a9509fddb8:   78 9c 57 23 06 00 00 00 30 de 9f 50 a9 00 00 00
0x000000a9509fddc8:   00 ff 00 00 00 00 00 00 00 80 ff ff 00 00 00 00
0x000000a9509fddd8:   d8 dd 9f 50 a9 00 00 00 c0 e4 66 5e 2c 02 00 00
0x000000a9509fdde8:   02 00 00 00 00 00 00 00 a8 4d 03 5e 2c 02 00 00
0x000000a9509fddf8:   90 1e 0f 9f 2c 02 00 00 18 78 80 23 06 00 00 00
0x000000a9509fde08:   c8 56 03 5e 2c 02 00 00 00 00 00 00 00 00 00 00
0x000000a9509fde18:   30 de 9f 50 a9 00 00 00 80 de 9f 50 a9 00 00 00
0x000000a9509fde28:   6e 89 6b 47 2c 02 00 00 00 80 ff ff 00 00 00 00
0x000000a9509fde38:   38 de 9f 50 a9 00 00 00 dc 5c bd 5e 2c 02 00 00
0x000000a9509fde48:   03 00 00 00 00 00 00 00 58 b0 44 5e 2c 02 00 00
0x000000a9509fde58:   38 1d 0f 9f 2c 02 00 00 b0 59 80 23 06 00 00 00
0x000000a9509fde68:   58 50 44 5e 2c 02 00 00 30 de 9f 50 a9 00 00 00
0x000000a9509fde78:   90 de 9f 50 a9 00 00 00 e8 de 9f 50 a9 00 00 00
0x000000a9509fde88:   6e 89 6b 47 2c 02 00 00 00 80 ff ff 00 00 00 00
0x000000a9509fde98:   01 00 00 00 00 00 00 00 a0 de 9f 50 a9 00 00 00
0x000000a9509fdea8:   98 be bd 5e 2c 02 00 00 06 00 00 00 00 00 00 00
0x000000a9509fdeb8:   58 b0 44 5e 2c 02 00 00 f8 18 0f 9f 2c 02 00 00
0x000000a9509fdec8:   b0 59 80 23 06 00 00 00 a0 8a 44 5e 2c 02 00 00 


Stack slot to memory mapping:

stack at sp + 0 slots: 0x0000022c5e66e4c0 is pointing into metadata
stack at sp + 1 slots: 0x0000000000000002 is an unknown value
stack at sp + 2 slots: 0x0000022c5e034da8 is pointing into metadata
stack at sp + 3 slots: 0x0000022c9f0f1e90 is pointing into metadata
stack at sp + 4 slots: 0x0000000623807818 is an oop: java.lang.Class 
{0x0000000623807818} - klass: 'java/lang/Class'
 - ---- fields (total size 18 words):
 - private volatile transient 'classRedefinedCount' 'I' @12  0 (0x00000000)
 - injected 'klass' 'J' @16  2389579090440 (0x0000022c5e034a08)
 - injected 'array_klass' 'J' @24  0 (0x0000000000000000)
 - injected 'oop_size' 'I' @32  18 (0x00000012)
 - injected 'static_oop_field_count' 'I' @36  1 (0x00000001)
 - private volatile transient 'cachedConstructor' 'Ljava/lang/reflect/Constructor;' @40  null (0x00000000)
 - private transient 'name' 'Ljava/lang/String;' @44  null (0x00000000)
 - private transient 'module' 'Ljava/lang/Module;' @48  a 'java/lang/Module'{0x00000006239f4218} (0xc473e843)
 - private final 'classLoader' 'Ljava/lang/ClassLoader;' @52  null (0x00000000)
 - private transient 'classData' 'Ljava/lang/Object;' @56  null (0x00000000)
 - private transient 'packageName' 'Ljava/lang/String;' @60  null (0x00000000)
 - private final 'componentType' 'Ljava/lang/Class;' @64  null (0x00000000)
 - private volatile transient 'reflectionData' 'Ljava/lang/ref/SoftReference;' @68  null (0x00000000)
 - private volatile transient 'genericInfo' 'Lsun/reflect/generics/repository/ClassRepository;' @72  null (0x00000000)
 - private volatile transient 'enumConstants' '[Ljava/lang/Object;' @76  null (0x00000000)
 - private volatile transient 'enumConstantDirectory' 'Ljava/util/Map;' @80  null (0x00000000)
 - private volatile transient 'annotationData' 'Ljava/lang/Class$AnnotationData;' @84  null (0x00000000)
 - private volatile transient 'annotationType' 'Lsun/reflect/annotation/AnnotationType;' @88  null (0x00000000)
 - transient 'classValueMap' 'Ljava/lang/ClassValue$ClassValueMap;' @92  null (0x00000000)
 - injected 'protection_domain' 'Ljava/lang/Object;' @96  null (0x00000000)
 - injected 'signers_name' 'Ljava/lang/Object;' @100  null (0x00000000)
 - injected 'source_file' 'Ljava/lang/Object;' @104  null (0x00000000)
 - signature: Ljava/lang/Short;
 - ---- static fields (1):
 - public static final 'MIN_VALUE' 'S' @136  -32768 (0x8000)
 - public static final 'MAX_VALUE' 'S' @138  32767 (0x7fff)
 - public static final 'TYPE' 'Ljava/lang/Class;' @112  a 'java/lang/Class'{0x0000000623800450} = short (0xc470008a)
 - public static final 'SIZE' 'I' @128  16 (0x00000010)
 - public static final 'BYTES' 'I' @132  2 (0x00000002)
 - private static final 'serialVersionUID' 'J' @120  7515723908773894738 (0x684d37133460da52)
stack at sp + 5 slots: {method} {0x0000022c5e0356d0} 'reverseBytes' '(S)S' in 'java/lang/Short'
stack at sp + 6 slots: 0x0 is null
stack at sp + 7 slots: 0x000000a9509fde30 is pointing into the stack for thread: 0x0000022c5d574720


---------------  P R O C E S S  ---------------

Threads class SMR info:
_java_thread_list=0x0000022c5d7abd10, length=15, elements={
0x0000022c37dfd770, 0x0000022c5d56cf00, 0x0000022c5d56eb70, 0x0000022c5d56fb60,
0x0000022c5d574720, 0x0000022c5d5768a0, 0x0000022c5d577190, 0x0000022c5d57d690,
0x0000022c5d582970, 0x0000022c5d6c0520, 0x0000022c5d583040, 0x0000022c5d583710,
0x0000022c5d7a3570, 0x0000022c5d7a3ff0, 0x0000022c5d583de0
}

Java Threads: ( => current thread )
  0x0000022c37dfd770 JavaThread "main"                              [_thread_in_native, id=1304, stack(0x000000a94fe00000,0x000000a94ff00000) (1024K)]
  0x0000022c5d56cf00 JavaThread "Reference Handler"          daemon [_thread_blocked, id=11560, stack(0x000000a950600000,0x000000a950700000) (1024K)]
  0x0000022c5d56eb70 JavaThread "Finalizer"                  daemon [_thread_blocked, id=1424, stack(0x000000a950700000,0x000000a950800000) (1024K)]
  0x0000022c5d56fb60 JavaThread "Signal Dispatcher"          daemon [_thread_blocked, id=436, stack(0x000000a950800000,0x000000a950900000) (1024K)]
=>0x0000022c5d574720 JavaThread "Attach Listener"            daemon [_thread_in_Java, id=528, stack(0x000000a950900000,0x000000a950a00000) (1024K)]
  0x0000022c5d5768a0 JavaThread "Service Thread"             daemon [_thread_blocked, id=26308, stack(0x000000a950a00000,0x000000a950b00000) (1024K)]
  0x0000022c5d577190 JavaThread "Monitor Deflation Thread"   daemon [_thread_blocked, id=13512, stack(0x000000a950b00000,0x000000a950c00000) (1024K)]
  0x0000022c5d57d690 JavaThread "C2 CompilerThread0"         daemon [_thread_blocked, id=9456, stack(0x000000a950c00000,0x000000a950d00000) (1024K)]
  0x0000022c5d582970 JavaThread "C1 CompilerThread0"         daemon [_thread_blocked, id=1752, stack(0x000000a950d00000,0x000000a950e00000) (1024K)]
  0x0000022c5d6c0520 JavaThread "Common-Cleaner"             daemon [_thread_blocked, id=9632, stack(0x000000a950e00000,0x000000a950f00000) (1024K)]
  0x0000022c5d583040 JavaThread "C1 CompilerThread1"         daemon [_thread_blocked, id=9912, stack(0x000000a950f00000,0x000000a951000000) (1024K)]
  0x0000022c5d583710 JavaThread "C1 CompilerThread2"         daemon [_thread_blocked, id=27488, stack(0x000000a951000000,0x000000a951100000) (1024K)]
  0x0000022c5d7a3570 JavaThread "Monitor Ctrl-Break"         daemon [_thread_in_native, id=16100, stack(0x000000a951200000,0x000000a951300000) (1024K)]
  0x0000022c5d7a3ff0 JavaThread "Notification Thread"        daemon [_thread_blocked, id=12164, stack(0x000000a951300000,0x000000a951400000) (1024K)]
  0x0000022c5d583de0 JavaThread "C1 CompilerThread3"         daemon [_thread_blocked, id=11924, stack(0x000000a951100000,0x000000a951200000) (1024K)]
Total: 15

Other Threads:
  0x0000022c5c63cf40 VMThread "VM Thread"                           [id=26860, stack(0x000000a950500000,0x000000a950600000) (1024K)] _threads_hazard_ptr=0x0000022c5d7abd10
  0x0000022c5c623390 WatcherThread "VM Periodic Task Thread"        [id=5816, stack(0x000000a950400000,0x000000a950500000) (1024K)]
  0x0000022c37ea9600 WorkerThread "GC Thread#0"                     [id=3168, stack(0x000000a94ff00000,0x000000a950000000) (1024K)]
  0x0000022c37eba630 ConcurrentGCThread "G1 Main Marker"            [id=3892, stack(0x000000a950000000,0x000000a950100000) (1024K)]
  0x0000022c37ebb130 WorkerThread "G1 Conc#0"                       [id=25388, stack(0x000000a950100000,0x000000a950200000) (1024K)]
  0x0000022c5c4f2d30 ConcurrentGCThread "G1 Refine#0"               [id=456, stack(0x000000a950200000,0x000000a950300000) (1024K)]
  0x0000022c5c4f38a0 ConcurrentGCThread "G1 Service"                [id=23720, stack(0x000000a950300000,0x000000a950400000) (1024K)]
Total: 7

Threads with active compile tasks:
Total: 0

VM state: synchronizing (normal execution)

VM Mutex/Monitor currently owned by a thread:  ([mutex/lock_event])
[0x00007ff9f710a5f8] Threads_lock - owner thread: 0x0000022c5c63cf40

Heap address: 0x0000000604000000, size: 8128 MB, Compressed Oops mode: Zero based, Oop shift amount: 3

CDS archive(s) mapped at: [0x0000022c5e000000-0x0000022c5ec90000-0x0000022c5ec90000), size 13172736, SharedBaseAddress: 0x0000022c5e000000, ArchiveRelocationMode: 1.
Compressed class space mapped at: 0x0000022c5f000000-0x0000022c9f000000, reserved size: 1073741824
Narrow klass base: 0x0000022c5e000000, Narrow klass shift: 0, Narrow klass range: 0x100000000

GC Precious Log:
 CardTable entry size: 512
 Card Set container configuration: InlinePtr #cards 4 size 8 Array Of Cards #cards 32 size 80 Howl #buckets 8 coarsen threshold 7372 Howl Bitmap #cards 1024 size 144 coarsen threshold 921 Card regions per heap region 1 cards per card region 8192
 CPUs: 24 total, 24 available
 Memory: 32505M
 Large Page Support: Disabled
 NUMA Support: Disabled
 Compressed Oops: Enabled (Zero based)
 Heap Region Size: 4M
 Heap Min Capacity: 8M
 Heap Initial Capacity: 508M
 Heap Max Capacity: 8128M
 Pre-touch: Disabled
 Parallel Workers: 18
 Concurrent Workers: 5
 Concurrent Refinement Workers: 18
 Periodic GC: Disabled

Heap:
 garbage-first heap   total 520192K, used 4096K [0x0000000604000000, 0x0000000800000000)
  region size 4096K, 2 young (8192K), 0 survivors (0K)
 Metaspace       used 1091K, committed 1280K, reserved 1114112K
  class space    used 83K, committed 192K, reserved 1048576K

Heap Regions: E=young(eden), S=young(survivor), O=old, HS=humongous(starts), HC=humongous(continues), CS=collection set, F=free, TAMS=top-at-mark-start, PB=parsable bottom
|   0|0x0000000604000000, 0x0000000604000000, 0x0000000604400000|  0%| F|  |TAMS 0x0000000604000000| PB 0x0000000604000000| Untracked 
|   1|0x0000000604400000, 0x0000000604400000, 0x0000000604800000|  0%| F|  |TAMS 0x0000000604400000| PB 0x0000000604400000| Untracked 
|   2|0x0000000604800000, 0x0000000604800000, 0x0000000604c00000|  0%| F|  |TAMS 0x0000000604800000| PB 0x0000000604800000| Untracked 
|   3|0x0000000604c00000, 0x0000000604c00000, 0x0000000605000000|  0%| F|  |TAMS 0x0000000604c00000| PB 0x0000000604c00000| Untracked 
|   4|0x0000000605000000, 0x0000000605000000, 0x0000000605400000|  0%| F|  |TAMS 0x0000000605000000| PB 0x0000000605000000| Untracked 
|   5|0x0000000605400000, 0x0000000605400000, 0x0000000605800000|  0%| F|  |TAMS 0x0000000605400000| PB 0x0000000605400000| Untracked 
|   6|0x0000000605800000, 0x0000000605800000, 0x0000000605c00000|  0%| F|  |TAMS 0x0000000605800000| PB 0x0000000605800000| Untracked 
|   7|0x0000000605c00000, 0x0000000605c00000, 0x0000000606000000|  0%| F|  |TAMS 0x0000000605c00000| PB 0x0000000605c00000| Untracked 
|   8|0x0000000606000000, 0x0000000606000000, 0x0000000606400000|  0%| F|  |TAMS 0x0000000606000000| PB 0x0000000606000000| Untracked 
|   9|0x0000000606400000, 0x0000000606400000, 0x0000000606800000|  0%| F|  |TAMS 0x0000000606400000| PB 0x0000000606400000| Untracked 
|  10|0x0000000606800000, 0x0000000606800000, 0x0000000606c00000|  0%| F|  |TAMS 0x0000000606800000| PB 0x0000000606800000| Untracked 
|  11|0x0000000606c00000, 0x0000000606c00000, 0x0000000607000000|  0%| F|  |TAMS 0x0000000606c00000| PB 0x0000000606c00000| Untracked 
|  12|0x0000000607000000, 0x0000000607000000, 0x0000000607400000|  0%| F|  |TAMS 0x0000000607000000| PB 0x0000000607000000| Untracked 
|  13|0x0000000607400000, 0x0000000607400000, 0x0000000607800000|  0%| F|  |TAMS 0x0000000607400000| PB 0x0000000607400000| Untracked 
|  14|0x0000000607800000, 0x0000000607800000, 0x0000000607c00000|  0%| F|  |TAMS 0x0000000607800000| PB 0x0000000607800000| Untracked 
|  15|0x0000000607c00000, 0x0000000607c00000, 0x0000000608000000|  0%| F|  |TAMS 0x0000000607c00000| PB 0x0000000607c00000| Untracked 
|  16|0x0000000608000000, 0x0000000608000000, 0x0000000608400000|  0%| F|  |TAMS 0x0000000608000000| PB 0x0000000608000000| Untracked 
|  17|0x0000000608400000, 0x0000000608400000, 0x0000000608800000|  0%| F|  |TAMS 0x0000000608400000| PB 0x0000000608400000| Untracked 
|  18|0x0000000608800000, 0x0000000608800000, 0x0000000608c00000|  0%| F|  |TAMS 0x0000000608800000| PB 0x0000000608800000| Untracked 
|  19|0x0000000608c00000, 0x0000000608c00000, 0x0000000609000000|  0%| F|  |TAMS 0x0000000608c00000| PB 0x0000000608c00000| Untracked 
|  20|0x0000000609000000, 0x0000000609000000, 0x0000000609400000|  0%| F|  |TAMS 0x0000000609000000| PB 0x0000000609000000| Untracked 
|  21|0x0000000609400000, 0x0000000609400000, 0x0000000609800000|  0%| F|  |TAMS 0x0000000609400000| PB 0x0000000609400000| Untracked 
|  22|0x0000000609800000, 0x0000000609800000, 0x0000000609c00000|  0%| F|  |TAMS 0x0000000609800000| PB 0x0000000609800000| Untracked 
|  23|0x0000000609c00000, 0x0000000609c00000, 0x000000060a000000|  0%| F|  |TAMS 0x0000000609c00000| PB 0x0000000609c00000| Untracked 
|  24|0x000000060a000000, 0x000000060a000000, 0x000000060a400000|  0%| F|  |TAMS 0x000000060a000000| PB 0x000000060a000000| Untracked 
|  25|0x000000060a400000, 0x000000060a400000, 0x000000060a800000|  0%| F|  |TAMS 0x000000060a400000| PB 0x000000060a400000| Untracked 
|  26|0x000000060a800000, 0x000000060a800000, 0x000000060ac00000|  0%| F|  |TAMS 0x000000060a800000| PB 0x000000060a800000| Untracked 
|  27|0x000000060ac00000, 0x000000060ac00000, 0x000000060b000000|  0%| F|  |TAMS 0x000000060ac00000| PB 0x000000060ac00000| Untracked 
|  28|0x000000060b000000, 0x000000060b000000, 0x000000060b400000|  0%| F|  |TAMS 0x000000060b000000| PB 0x000000060b000000| Untracked 
|  29|0x000000060b400000, 0x000000060b400000, 0x000000060b800000|  0%| F|  |TAMS 0x000000060b400000| PB 0x000000060b400000| Untracked 
|  30|0x000000060b800000, 0x000000060b800000, 0x000000060bc00000|  0%| F|  |TAMS 0x000000060b800000| PB 0x000000060b800000| Untracked 
|  31|0x000000060bc00000, 0x000000060bc00000, 0x000000060c000000|  0%| F|  |TAMS 0x000000060bc00000| PB 0x000000060bc00000| Untracked 
|  32|0x000000060c000000, 0x000000060c000000, 0x000000060c400000|  0%| F|  |TAMS 0x000000060c000000| PB 0x000000060c000000| Untracked 
|  33|0x000000060c400000, 0x000000060c400000, 0x000000060c800000|  0%| F|  |TAMS 0x000000060c400000| PB 0x000000060c400000| Untracked 
|  34|0x000000060c800000, 0x000000060c800000, 0x000000060cc00000|  0%| F|  |TAMS 0x000000060c800000| PB 0x000000060c800000| Untracked 
|  35|0x000000060cc00000, 0x000000060cc00000, 0x000000060d000000|  0%| F|  |TAMS 0x000000060cc00000| PB 0x000000060cc00000| Untracked 
|  36|0x000000060d000000, 0x000000060d000000, 0x000000060d400000|  0%| F|  |TAMS 0x000000060d000000| PB 0x000000060d000000| Untracked 
|  37|0x000000060d400000, 0x000000060d400000, 0x000000060d800000|  0%| F|  |TAMS 0x000000060d400000| PB 0x000000060d400000| Untracked 
|  38|0x000000060d800000, 0x000000060d800000, 0x000000060dc00000|  0%| F|  |TAMS 0x000000060d800000| PB 0x000000060d800000| Untracked 
|  39|0x000000060dc00000, 0x000000060dc00000, 0x000000060e000000|  0%| F|  |TAMS 0x000000060dc00000| PB 0x000000060dc00000| Untracked 
|  40|0x000000060e000000, 0x000000060e000000, 0x000000060e400000|  0%| F|  |TAMS 0x000000060e000000| PB 0x000000060e000000| Untracked 
|  41|0x000000060e400000, 0x000000060e400000, 0x000000060e800000|  0%| F|  |TAMS 0x000000060e400000| PB 0x000000060e400000| Untracked 
|  42|0x000000060e800000, 0x000000060e800000, 0x000000060ec00000|  0%| F|  |TAMS 0x000000060e800000| PB 0x000000060e800000| Untracked 
|  43|0x000000060ec00000, 0x000000060ec00000, 0x000000060f000000|  0%| F|  |TAMS 0x000000060ec00000| PB 0x000000060ec00000| Untracked 
|  44|0x000000060f000000, 0x000000060f000000, 0x000000060f400000|  0%| F|  |TAMS 0x000000060f000000| PB 0x000000060f000000| Untracked 
|  45|0x000000060f400000, 0x000000060f400000, 0x000000060f800000|  0%| F|  |TAMS 0x000000060f400000| PB 0x000000060f400000| Untracked 
|  46|0x000000060f800000, 0x000000060f800000, 0x000000060fc00000|  0%| F|  |TAMS 0x000000060f800000| PB 0x000000060f800000| Untracked 
|  47|0x000000060fc00000, 0x000000060fc00000, 0x0000000610000000|  0%| F|  |TAMS 0x000000060fc00000| PB 0x000000060fc00000| Untracked 
|  48|0x0000000610000000, 0x0000000610000000, 0x0000000610400000|  0%| F|  |TAMS 0x0000000610000000| PB 0x0000000610000000| Untracked 
|  49|0x0000000610400000, 0x0000000610400000, 0x0000000610800000|  0%| F|  |TAMS 0x0000000610400000| PB 0x0000000610400000| Untracked 
|  50|0x0000000610800000, 0x0000000610800000, 0x0000000610c00000|  0%| F|  |TAMS 0x0000000610800000| PB 0x0000000610800000| Untracked 
|  51|0x0000000610c00000, 0x0000000610c00000, 0x0000000611000000|  0%| F|  |TAMS 0x0000000610c00000| PB 0x0000000610c00000| Untracked 
|  52|0x0000000611000000, 0x0000000611000000, 0x0000000611400000|  0%| F|  |TAMS 0x0000000611000000| PB 0x0000000611000000| Untracked 
|  53|0x0000000611400000, 0x0000000611400000, 0x0000000611800000|  0%| F|  |TAMS 0x0000000611400000| PB 0x0000000611400000| Untracked 
|  54|0x0000000611800000, 0x0000000611800000, 0x0000000611c00000|  0%| F|  |TAMS 0x0000000611800000| PB 0x0000000611800000| Untracked 
|  55|0x0000000611c00000, 0x0000000611c00000, 0x0000000612000000|  0%| F|  |TAMS 0x0000000611c00000| PB 0x0000000611c00000| Untracked 
|  56|0x0000000612000000, 0x0000000612000000, 0x0000000612400000|  0%| F|  |TAMS 0x0000000612000000| PB 0x0000000612000000| Untracked 
|  57|0x0000000612400000, 0x0000000612400000, 0x0000000612800000|  0%| F|  |TAMS 0x0000000612400000| PB 0x0000000612400000| Untracked 
|  58|0x0000000612800000, 0x0000000612800000, 0x0000000612c00000|  0%| F|  |TAMS 0x0000000612800000| PB 0x0000000612800000| Untracked 
|  59|0x0000000612c00000, 0x0000000612c00000, 0x0000000613000000|  0%| F|  |TAMS 0x0000000612c00000| PB 0x0000000612c00000| Untracked 
|  60|0x0000000613000000, 0x0000000613000000, 0x0000000613400000|  0%| F|  |TAMS 0x0000000613000000| PB 0x0000000613000000| Untracked 
|  61|0x0000000613400000, 0x0000000613400000, 0x0000000613800000|  0%| F|  |TAMS 0x0000000613400000| PB 0x0000000613400000| Untracked 
|  62|0x0000000613800000, 0x0000000613800000, 0x0000000613c00000|  0%| F|  |TAMS 0x0000000613800000| PB 0x0000000613800000| Untracked 
|  63|0x0000000613c00000, 0x0000000613c00000, 0x0000000614000000|  0%| F|  |TAMS 0x0000000613c00000| PB 0x0000000613c00000| Untracked 
|  64|0x0000000614000000, 0x0000000614000000, 0x0000000614400000|  0%| F|  |TAMS 0x0000000614000000| PB 0x0000000614000000| Untracked 
|  65|0x0000000614400000, 0x0000000614400000, 0x0000000614800000|  0%| F|  |TAMS 0x0000000614400000| PB 0x0000000614400000| Untracked 
|  66|0x0000000614800000, 0x0000000614800000, 0x0000000614c00000|  0%| F|  |TAMS 0x0000000614800000| PB 0x0000000614800000| Untracked 
|  67|0x0000000614c00000, 0x0000000614c00000, 0x0000000615000000|  0%| F|  |TAMS 0x0000000614c00000| PB 0x0000000614c00000| Untracked 
|  68|0x0000000615000000, 0x0000000615000000, 0x0000000615400000|  0%| F|  |TAMS 0x0000000615000000| PB 0x0000000615000000| Untracked 
|  69|0x0000000615400000, 0x0000000615400000, 0x0000000615800000|  0%| F|  |TAMS 0x0000000615400000| PB 0x0000000615400000| Untracked 
|  70|0x0000000615800000, 0x0000000615800000, 0x0000000615c00000|  0%| F|  |TAMS 0x0000000615800000| PB 0x0000000615800000| Untracked 
|  71|0x0000000615c00000, 0x0000000615c00000, 0x0000000616000000|  0%| F|  |TAMS 0x0000000615c00000| PB 0x0000000615c00000| Untracked 
|  72|0x0000000616000000, 0x0000000616000000, 0x0000000616400000|  0%| F|  |TAMS 0x0000000616000000| PB 0x0000000616000000| Untracked 
|  73|0x0000000616400000, 0x0000000616400000, 0x0000000616800000|  0%| F|  |TAMS 0x0000000616400000| PB 0x0000000616400000| Untracked 
|  74|0x0000000616800000, 0x0000000616800000, 0x0000000616c00000|  0%| F|  |TAMS 0x0000000616800000| PB 0x0000000616800000| Untracked 
|  75|0x0000000616c00000, 0x0000000616c00000, 0x0000000617000000|  0%| F|  |TAMS 0x0000000616c00000| PB 0x0000000616c00000| Untracked 
|  76|0x0000000617000000, 0x0000000617000000, 0x0000000617400000|  0%| F|  |TAMS 0x0000000617000000| PB 0x0000000617000000| Untracked 
|  77|0x0000000617400000, 0x0000000617400000, 0x0000000617800000|  0%| F|  |TAMS 0x0000000617400000| PB 0x0000000617400000| Untracked 
|  78|0x0000000617800000, 0x0000000617800000, 0x0000000617c00000|  0%| F|  |TAMS 0x0000000617800000| PB 0x0000000617800000| Untracked 
|  79|0x0000000617c00000, 0x0000000617c00000, 0x0000000618000000|  0%| F|  |TAMS 0x0000000617c00000| PB 0x0000000617c00000| Untracked 
|  80|0x0000000618000000, 0x0000000618000000, 0x0000000618400000|  0%| F|  |TAMS 0x0000000618000000| PB 0x0000000618000000| Untracked 
|  81|0x0000000618400000, 0x0000000618400000, 0x0000000618800000|  0%| F|  |TAMS 0x0000000618400000| PB 0x0000000618400000| Untracked 
|  82|0x0000000618800000, 0x0000000618800000, 0x0000000618c00000|  0%| F|  |TAMS 0x0000000618800000| PB 0x0000000618800000| Untracked 
|  83|0x0000000618c00000, 0x0000000618c00000, 0x0000000619000000|  0%| F|  |TAMS 0x0000000618c00000| PB 0x0000000618c00000| Untracked 
|  84|0x0000000619000000, 0x0000000619000000, 0x0000000619400000|  0%| F|  |TAMS 0x0000000619000000| PB 0x0000000619000000| Untracked 
|  85|0x0000000619400000, 0x0000000619400000, 0x0000000619800000|  0%| F|  |TAMS 0x0000000619400000| PB 0x0000000619400000| Untracked 
|  86|0x0000000619800000, 0x0000000619800000, 0x0000000619c00000|  0%| F|  |TAMS 0x0000000619800000| PB 0x0000000619800000| Untracked 
|  87|0x0000000619c00000, 0x0000000619c00000, 0x000000061a000000|  0%| F|  |TAMS 0x0000000619c00000| PB 0x0000000619c00000| Untracked 
|  88|0x000000061a000000, 0x000000061a000000, 0x000000061a400000|  0%| F|  |TAMS 0x000000061a000000| PB 0x000000061a000000| Untracked 
|  89|0x000000061a400000, 0x000000061a400000, 0x000000061a800000|  0%| F|  |TAMS 0x000000061a400000| PB 0x000000061a400000| Untracked 
|  90|0x000000061a800000, 0x000000061a800000, 0x000000061ac00000|  0%| F|  |TAMS 0x000000061a800000| PB 0x000000061a800000| Untracked 
|  91|0x000000061ac00000, 0x000000061ac00000, 0x000000061b000000|  0%| F|  |TAMS 0x000000061ac00000| PB 0x000000061ac00000| Untracked 
|  92|0x000000061b000000, 0x000000061b000000, 0x000000061b400000|  0%| F|  |TAMS 0x000000061b000000| PB 0x000000061b000000| Untracked 
|  93|0x000000061b400000, 0x000000061b400000, 0x000000061b800000|  0%| F|  |TAMS 0x000000061b400000| PB 0x000000061b400000| Untracked 
|  94|0x000000061b800000, 0x000000061b800000, 0x000000061bc00000|  0%| F|  |TAMS 0x000000061b800000| PB 0x000000061b800000| Untracked 
|  95|0x000000061bc00000, 0x000000061bc00000, 0x000000061c000000|  0%| F|  |TAMS 0x000000061bc00000| PB 0x000000061bc00000| Untracked 
|  96|0x000000061c000000, 0x000000061c000000, 0x000000061c400000|  0%| F|  |TAMS 0x000000061c000000| PB 0x000000061c000000| Untracked 
|  97|0x000000061c400000, 0x000000061c400000, 0x000000061c800000|  0%| F|  |TAMS 0x000000061c400000| PB 0x000000061c400000| Untracked 
|  98|0x000000061c800000, 0x000000061c800000, 0x000000061cc00000|  0%| F|  |TAMS 0x000000061c800000| PB 0x000000061c800000| Untracked 
|  99|0x000000061cc00000, 0x000000061cc00000, 0x000000061d000000|  0%| F|  |TAMS 0x000000061cc00000| PB 0x000000061cc00000| Untracked 
| 100|0x000000061d000000, 0x000000061d000000, 0x000000061d400000|  0%| F|  |TAMS 0x000000061d000000| PB 0x000000061d000000| Untracked 
| 101|0x000000061d400000, 0x000000061d400000, 0x000000061d800000|  0%| F|  |TAMS 0x000000061d400000| PB 0x000000061d400000| Untracked 
| 102|0x000000061d800000, 0x000000061d800000, 0x000000061dc00000|  0%| F|  |TAMS 0x000000061d800000| PB 0x000000061d800000| Untracked 
| 103|0x000000061dc00000, 0x000000061dc00000, 0x000000061e000000|  0%| F|  |TAMS 0x000000061dc00000| PB 0x000000061dc00000| Untracked 
| 104|0x000000061e000000, 0x000000061e000000, 0x000000061e400000|  0%| F|  |TAMS 0x000000061e000000| PB 0x000000061e000000| Untracked 
| 105|0x000000061e400000, 0x000000061e400000, 0x000000061e800000|  0%| F|  |TAMS 0x000000061e400000| PB 0x000000061e400000| Untracked 
| 106|0x000000061e800000, 0x000000061e800000, 0x000000061ec00000|  0%| F|  |TAMS 0x000000061e800000| PB 0x000000061e800000| Untracked 
| 107|0x000000061ec00000, 0x000000061ec00000, 0x000000061f000000|  0%| F|  |TAMS 0x000000061ec00000| PB 0x000000061ec00000| Untracked 
| 108|0x000000061f000000, 0x000000061f000000, 0x000000061f400000|  0%| F|  |TAMS 0x000000061f000000| PB 0x000000061f000000| Untracked 
| 109|0x000000061f400000, 0x000000061f400000, 0x000000061f800000|  0%| F|  |TAMS 0x000000061f400000| PB 0x000000061f400000| Untracked 
| 110|0x000000061f800000, 0x000000061f800000, 0x000000061fc00000|  0%| F|  |TAMS 0x000000061f800000| PB 0x000000061f800000| Untracked 
| 111|0x000000061fc00000, 0x000000061fc00000, 0x0000000620000000|  0%| F|  |TAMS 0x000000061fc00000| PB 0x000000061fc00000| Untracked 
| 112|0x0000000620000000, 0x0000000620000000, 0x0000000620400000|  0%| F|  |TAMS 0x0000000620000000| PB 0x0000000620000000| Untracked 
| 113|0x0000000620400000, 0x0000000620400000, 0x0000000620800000|  0%| F|  |TAMS 0x0000000620400000| PB 0x0000000620400000| Untracked 
| 114|0x0000000620800000, 0x0000000620800000, 0x0000000620c00000|  0%| F|  |TAMS 0x0000000620800000| PB 0x0000000620800000| Untracked 
| 115|0x0000000620c00000, 0x0000000620c00000, 0x0000000621000000|  0%| F|  |TAMS 0x0000000620c00000| PB 0x0000000620c00000| Untracked 
| 116|0x0000000621000000, 0x0000000621000000, 0x0000000621400000|  0%| F|  |TAMS 0x0000000621000000| PB 0x0000000621000000| Untracked 
| 117|0x0000000621400000, 0x0000000621400000, 0x0000000621800000|  0%| F|  |TAMS 0x0000000621400000| PB 0x0000000621400000| Untracked 
| 118|0x0000000621800000, 0x0000000621800000, 0x0000000621c00000|  0%| F|  |TAMS 0x0000000621800000| PB 0x0000000621800000| Untracked 
| 119|0x0000000621c00000, 0x0000000621c00000, 0x0000000622000000|  0%| F|  |TAMS 0x0000000621c00000| PB 0x0000000621c00000| Untracked 
| 120|0x0000000622000000, 0x0000000622000000, 0x0000000622400000|  0%| F|  |TAMS 0x0000000622000000| PB 0x0000000622000000| Untracked 
| 121|0x0000000622400000, 0x0000000622400000, 0x0000000622800000|  0%| F|  |TAMS 0x0000000622400000| PB 0x0000000622400000| Untracked 
| 122|0x0000000622800000, 0x0000000622800000, 0x0000000622c00000|  0%| F|  |TAMS 0x0000000622800000| PB 0x0000000622800000| Untracked 
| 123|0x0000000622c00000, 0x0000000622c00000, 0x0000000623000000|  0%| F|  |TAMS 0x0000000622c00000| PB 0x0000000622c00000| Untracked 
| 124|0x0000000623000000, 0x0000000623000000, 0x0000000623400000|  0%| F|  |TAMS 0x0000000623000000| PB 0x0000000623000000| Untracked 
| 125|0x0000000623400000, 0x0000000623666f28, 0x0000000623800000| 60%| E|  |TAMS 0x0000000623400000| PB 0x0000000623400000| Complete 
| 126|0x0000000623800000, 0x0000000623c00000, 0x0000000623c00000|100%| E|CS|TAMS 0x0000000623800000| PB 0x0000000623800000| Complete 

Card table byte_map: [0x0000022c51010000,0x0000022c51ff0000] _byte_map_base: 0x0000022c4dff0000

Marking Bits: (CMBitMap*) 0x0000022c37ea9d00
 Bits: [0x0000022c51ff0000, 0x0000022c59ef0000)

Polling page: 0x0000022c35da0000

Metaspace:

Usage:
  Non-class:   1007.66 KB used.
      Class:     83.57 KB used.
       Both:      1.07 MB used.

Virtual space:
  Non-class space:       64.00 MB reserved,       1.06 MB (  2%) committed,  1 nodes.
      Class space:        1.00 GB reserved,     192.00 KB ( <1%) committed,  1 nodes.
             Both:        1.06 GB reserved,       1.25 MB ( <1%) committed. 

Chunk freelists:
   Non-Class:  11.96 MB
       Class:  15.73 MB
        Both:  27.69 MB

MaxMetaspaceSize: unlimited
CompressedClassSpaceSize: 1.00 GB
Initial GC threshold: 21.00 MB
Current GC threshold: 21.00 MB
CDS: on
 - commit_granule_bytes: 65536.
 - commit_granule_words: 8192.
 - virtual_space_node_default_size: 8388608.
 - enlarge_chunks_in_place: 1.
 - use_allocation_guard: 0.


Internal statistics:

num_allocs_failed_limit: 0.
num_arena_births: 26.
num_arena_deaths: 0.
num_vsnodes_births: 2.
num_vsnodes_deaths: 0.
num_space_committed: 20.
num_space_uncommitted: 0.
num_chunks_returned_to_freelist: 0.
num_chunks_taken_from_freelist: 32.
num_chunk_merges: 0.
num_chunk_splits: 20.
num_chunks_enlarged: 11.
num_inconsistent_stats: 0.

CodeHeap 'non-profiled nmethods': size=119168Kb used=105Kb max_used=105Kb free=119062Kb
 bounds [0x0000022c47e00000, 0x0000022c48070000, 0x0000022c4f260000]
CodeHeap 'profiled nmethods': size=119104Kb used=445Kb max_used=445Kb free=118659Kb
 bounds [0x0000022c40260000, 0x0000022c404d0000, 0x0000022c476b0000]
CodeHeap 'non-nmethods': size=7488Kb used=3013Kb max_used=3013Kb free=4474Kb
 bounds [0x0000022c476b0000, 0x0000022c479b0000, 0x0000022c47e00000]
 total_blobs=790 nmethods=353 adapters=339
 compilation: enabled
              stopped_count=0, restarted_count=0
 full_count=0

Compilation events (20 events):
Event: 1.014 Thread 0x0000022c5d583710 nmethod 315 0x0000022c402b9c10 code [0x0000022c402b9de0, 0x0000022c402ba0a0]
Event: 1.014 Thread 0x0000022c5d582970  323       3       java.io.DataInputStream::readUTF (501 bytes)
Event: 1.014 Thread 0x0000022c5d583040  333       3       java.io.DataInputStream::readFully (59 bytes)
Event: 1.014 Thread 0x0000022c5d583710  321       3       java.util.concurrent.locks.ReentrantLock::unlock (10 bytes)
Event: 1.014 Thread 0x0000022c5d583de0  322       3       java.util.concurrent.locks.AbstractQueuedSynchronizer::signalNext (34 bytes)
Event: 1.014 Thread 0x0000022c5d583710 nmethod 321 0x0000022c402ba190 code [0x0000022c402ba360, 0x0000022c402ba650]
Event: 1.015 Thread 0x0000022c5d583040 nmethod 333 0x0000022c402ba790 code [0x0000022c402ba980, 0x0000022c402baec0]
Event: 1.015 Thread 0x0000022c5d583de0 nmethod 322 0x0000022c402bb110 code [0x0000022c402bb300, 0x0000022c402bb7d8]
Event: 1.015 Thread 0x0000022c5d583710  330       3       java.io.BufferedInputStream::implRead (112 bytes)
Event: 1.015 Thread 0x0000022c5d583040  316       3       java.util.concurrent.locks.ReentrantLock$Sync::lock (13 bytes)
Event: 1.015 Thread 0x0000022c5d583de0  317       3       java.util.concurrent.locks.ReentrantLock$NonfairSync::initialTryLock (58 bytes)
Event: 1.015 Thread 0x0000022c5d583710 nmethod 330 0x0000022c402bb990 code [0x0000022c402bbbc0, 0x0000022c402bc2c8]
Event: 1.015 Thread 0x0000022c5d583040 nmethod 316 0x0000022c402bc510 code [0x0000022c402bc6c0, 0x0000022c402bc910]
Event: 1.015 Thread 0x0000022c5d582970 nmethod 323 0x0000022c402bca10 code [0x0000022c402bce40, 0x0000022c402bed08]
Event: 1.015 Thread 0x0000022c5d583de0 nmethod 317 0x0000022c402bf890 code [0x0000022c402bfa80, 0x0000022c402bfe90]
Event: 1.015 Thread 0x0000022c5d583040  318       3       java.util.concurrent.locks.AbstractQueuedSynchronizer::compareAndSetState (13 bytes)
Event: 1.015 Thread 0x0000022c5d583710  319       3       java.util.concurrent.locks.AbstractQueuedSynchronizer::release (19 bytes)
Event: 1.015 Thread 0x0000022c5d583040 nmethod 318 0x0000022c402bff90 code [0x0000022c402c0120, 0x0000022c402c0248]
Event: 1.015 Thread 0x0000022c5d583de0  339       3       java.lang.invoke.VarHandle::checkAccessModeThenIsDirect (29 bytes)
Event: 1.016 Thread 0x0000022c5d583040  335       3       java.lang.String::<init> (74 bytes)

GC Heap History (0 events):
No events

Dll operation events (10 events):
Event: 0.004 Loaded shared library C:\Program Files\Java\jdk-21\bin\java.dll
Event: 0.021 Loaded shared library C:\Program Files\Java\jdk-21\bin\jsvml.dll
Event: 0.034 Loaded shared library C:\Program Files\Java\jdk-21\bin\zip.dll
Event: 0.036 Loaded shared library C:\Program Files\Java\jdk-21\bin\instrument.dll
Event: 0.039 Loaded shared library C:\Program Files\Java\jdk-21\bin\net.dll
Event: 0.039 Loaded shared library C:\Program Files\Java\jdk-21\bin\nio.dll
Event: 0.041 Loaded shared library C:\Program Files\Java\jdk-21\bin\zip.dll
Event: 0.044 Loaded shared library D:\JetBrains\IntelliJ IDEA 2023.2.3\bin\breakgen64.dll
Event: 0.048 Loaded shared library C:\Program Files\Java\jdk-21\bin\extnet.dll
Event: 0.049 Loaded shared library C:\Program Files\Java\jdk-21\bin\jimage.dll

Deoptimization events (0 events):
No events

Classes loaded (20 events):
Event: 0.050 Loading class sun/nio/ch/Util$BufferCache
Event: 0.050 Loading class sun/nio/ch/Util$BufferCache done
Event: 0.050 Loading class java/nio/DirectByteBuffer$Deallocator
Event: 0.050 Loading class java/nio/DirectByteBuffer$Deallocator done
Event: 0.051 Loading class sun/text/resources/cldr/FormatData_en
Event: 0.051 Loading class sun/text/resources/cldr/FormatData_en done
Event: 0.052 Loading class sun/text/resources/cldr/FormatData_en_US
Event: 0.052 Loading class sun/text/resources/cldr/FormatData_en_US done
Event: 0.053 Loading class java/util/PriorityQueue
Event: 0.054 Loading class java/util/AbstractQueue
Event: 0.054 Loading class java/util/AbstractQueue done
Event: 0.054 Loading class java/util/PriorityQueue done
Event: 1.013 Loading class jdk/internal/vm/VMSupport
Event: 1.013 Loading class jdk/internal/vm/VMSupport done
Event: 1.013 Loading class sun/nio/cs/ISO_8859_1$Encoder
Event: 1.013 Loading class sun/nio/cs/ISO_8859_1$Encoder done
Event: 1.013 Loading class sun/nio/cs/Surrogate$Parser
Event: 1.013 Loading class sun/nio/cs/Surrogate$Parser done
Event: 1.013 Loading class sun/nio/cs/Surrogate
Event: 1.013 Loading class sun/nio/cs/Surrogate done

Classes unloaded (0 events):
No events

Classes redefined (0 events):
No events

Internal exceptions (3 events):
Event: 0.041 Thread 0x0000022c37dfd770 Exception <a 'java/lang/NoSuchMethodError'{0x0000000623b5a1d0}: 'void java.lang.invoke.DirectMethodHandle$Holder.invokeStatic(java.lang.Object, java.lang.Object, java.lang.Object)'> (0x0000000623b5a1d0) 
thrown [s\open\src\hotspot\share\interpreter\linkResolver.cpp, line 773]
Event: 0.043 Thread 0x0000022c37dfd770 Exception <a 'java/lang/NoSuchMethodError'{0x0000000623b71918}: 'java.lang.Object java.lang.invoke.Invokers$Holder.invokeExact_MT(java.lang.Object, java.lang.Object, java.lang.Object, java.lang.Object, java.lang.Object)'> (0x0000000623b71918) 
thrown [s\open\src\hotspot\share\interpreter\linkResolver.cpp, line 773]
Event: 0.048 Thread 0x0000022c5d7a3570 Exception <a 'java/lang/NoSuchMethodError'{0x0000000623408f10}: 'void java.lang.invoke.DirectMethodHandle$Holder.invokeStatic(java.lang.Object, java.lang.Object)'> (0x0000000623408f10) 
thrown [s\open\src\hotspot\share\interpreter\linkResolver.cpp, line 773]

ZGC Phase Switch (0 events):
No events

VM Operations (0 events):
No events

Events (17 events):
Event: 0.012 Thread 0x0000022c37dfd770 Thread added: 0x0000022c37dfd770
Event: 0.020 Thread 0x0000022c5d56cf00 Thread added: 0x0000022c5d56cf00
Event: 0.020 Thread 0x0000022c5d56eb70 Thread added: 0x0000022c5d56eb70
Event: 0.020 Thread 0x0000022c5d56fb60 Thread added: 0x0000022c5d56fb60
Event: 0.020 Thread 0x0000022c5d574720 Thread added: 0x0000022c5d574720
Event: 0.020 Thread 0x0000022c5d5768a0 Thread added: 0x0000022c5d5768a0
Event: 0.020 Thread 0x0000022c5d577190 Thread added: 0x0000022c5d577190
Event: 0.020 Thread 0x0000022c5d57d690 Thread added: 0x0000022c5d57d690
Event: 0.020 Thread 0x0000022c5d582970 Thread added: 0x0000022c5d582970
Event: 0.027 Thread 0x0000022c5d6c0520 Thread added: 0x0000022c5d6c0520
Event: 0.030 Thread 0x0000022c5d583040 Thread added: 0x0000022c5d583040
Event: 0.030 Thread 0x0000022c5d583710 Thread added: 0x0000022c5d583710
Event: 0.033 Thread 0x0000022c5d583de0 Thread added: 0x0000022c5d583de0
Event: 0.045 Thread 0x0000022c5d7a3570 Thread added: 0x0000022c5d7a3570
Event: 0.045 Thread 0x0000022c5d7a3ff0 Thread added: 0x0000022c5d7a3ff0
Event: 1.014 Thread 0x0000022c5d583de0 Thread exited: 0x0000022c5d583de0
Event: 1.014 Thread 0x0000022c5d583de0 Thread added: 0x0000022c5d583de0


Dynamic libraries:
0x00007ff66fef0000 - 0x00007ff66ff00000 	C:\Program Files\Java\jdk-21\bin\java.exe
0x00007ffaadc70000 - 0x00007ffaade87000 	C:\Windows\SYSTEM32\ntdll.dll
0x00007ffaac170000 - 0x00007ffaac234000 	C:\Windows\System32\KERNEL32.DLL
0x00007ffaab390000 - 0x00007ffaab735000 	C:\Windows\System32\KERNELBASE.dll
0x00007ffaab150000 - 0x00007ffaab261000 	C:\Windows\System32\ucrtbase.dll
0x00007ffa9d620000 - 0x00007ffa9d639000 	C:\Program Files\Java\jdk-21\bin\jli.dll
0x00007ffa7cb90000 - 0x00007ffa7cbab000 	C:\Program Files\Java\jdk-21\bin\VCRUNTIME140.dll
0x00007ffaad950000 - 0x00007ffaada01000 	C:\Windows\System32\ADVAPI32.dll
0x00007ffaad880000 - 0x00007ffaad927000 	C:\Windows\System32\msvcrt.dll
0x00007ffaad620000 - 0x00007ffaad6c6000 	C:\Windows\System32\sechost.dll
0x00007ffaac5d0000 - 0x00007ffaac6e7000 	C:\Windows\System32\RPCRT4.dll
0x00007ffaada10000 - 0x00007ffaadbbe000 	C:\Windows\System32\USER32.dll
0x00007ffaab990000 - 0x00007ffaab9b6000 	C:\Windows\System32\win32u.dll
0x00007ffa9c8a0000 - 0x00007ffa9cb33000 	C:\Windows\WinSxS\amd64_microsoft.windows.common-controls_6595b64144ccf1df_6.0.22621.2506_none_270c5ae97388e100\COMCTL32.dll
0x00007ffaad840000 - 0x00007ffaad869000 	C:\Windows\System32\GDI32.dll
0x00007ffaab270000 - 0x00007ffaab389000 	C:\Windows\System32\gdi32full.dll
0x00007ffaab7b0000 - 0x00007ffaab84a000 	C:\Windows\System32\msvcp_win.dll
0x00007ffaa2200000 - 0x00007ffaa220a000 	C:\Windows\SYSTEM32\VERSION.dll
0x00007ffaad6d0000 - 0x00007ffaad701000 	C:\Windows\System32\IMM32.DLL
0x00007ffa9d610000 - 0x00007ffa9d61c000 	C:\Program Files\Java\jdk-21\bin\vcruntime140_1.dll
0x00007ffa49370000 - 0x00007ffa493fe000 	C:\Program Files\Java\jdk-21\bin\msvcp140.dll
0x00007ff9f64d0000 - 0x00007ff9f71e5000 	C:\Program Files\Java\jdk-21\bin\server\jvm.dll
0x00007ffaad7c0000 - 0x00007ffaad831000 	C:\Windows\System32\WS2_32.dll
0x00007ffaa9e30000 - 0x00007ffaa9e7d000 	C:\Windows\SYSTEM32\POWRPROF.dll
0x00007ffa99df0000 - 0x00007ffa99e24000 	C:\Windows\SYSTEM32\WINMM.dll
0x00007ffaa9e10000 - 0x00007ffaa9e23000 	C:\Windows\SYSTEM32\UMPDC.dll
0x00007ffaaa070000 - 0x00007ffaaa088000 	C:\Windows\SYSTEM32\kernel.appcore.dll
0x00007ffa9bf90000 - 0x00007ffa9bf9a000 	C:\Program Files\Java\jdk-21\bin\jimage.dll
0x00007ffa972f0000 - 0x00007ffa97523000 	C:\Windows\SYSTEM32\DBGHELP.DLL
0x00007ffaac240000 - 0x00007ffaac5c9000 	C:\Windows\System32\combase.dll
0x00007ffaad380000 - 0x00007ffaad457000 	C:\Windows\System32\OLEAUT32.dll
0x00007ffa7fb40000 - 0x00007ffa7fb72000 	C:\Windows\SYSTEM32\dbgcore.DLL
0x00007ffaab850000 - 0x00007ffaab8ca000 	C:\Windows\System32\bcryptPrimitives.dll
0x00007ffa90aa0000 - 0x00007ffa90aaf000 	C:\Program Files\Java\jdk-21\bin\instrument.dll
0x00007ffa7c070000 - 0x00007ffa7c08f000 	C:\Program Files\Java\jdk-21\bin\java.dll
0x00007ffaac9e0000 - 0x00007ffaad239000 	C:\Windows\System32\SHELL32.dll
0x00007ffaa8f10000 - 0x00007ffaa9804000 	C:\Windows\SYSTEM32\windows.storage.dll
0x00007ffaa8dd0000 - 0x00007ffaa8f0e000 	C:\Windows\SYSTEM32\wintypes.dll
0x00007ffaac8e0000 - 0x00007ffaac9d3000 	C:\Windows\System32\SHCORE.dll
0x00007ffaadbd0000 - 0x00007ffaadc2e000 	C:\Windows\System32\shlwapi.dll
0x00007ffaaaf10000 - 0x00007ffaaaf36000 	C:\Windows\SYSTEM32\profapi.dll
0x00007ffa23240000 - 0x00007ffa23317000 	C:\Program Files\Java\jdk-21\bin\jsvml.dll
0x00007ffa7bb00000 - 0x00007ffa7bb18000 	C:\Program Files\Java\jdk-21\bin\zip.dll
0x00007ffa882b0000 - 0x00007ffa882c0000 	C:\Program Files\Java\jdk-21\bin\net.dll
0x00007ffaa5010000 - 0x00007ffaa5147000 	C:\Windows\SYSTEM32\WINHTTP.dll
0x00007ffaaa550000 - 0x00007ffaaa5b9000 	C:\Windows\system32\mswsock.dll
0x00007ffa7bae0000 - 0x00007ffa7baf6000 	C:\Program Files\Java\jdk-21\bin\nio.dll
0x00007ffa70740000 - 0x00007ffa7075a000 	D:\JetBrains\IntelliJ IDEA 2023.2.3\bin\breakgen64.dll
0x00007ffa85e20000 - 0x00007ffa85e27000 	C:\Program Files\Java\jdk-21\bin\extnet.dll

dbghelp: loaded successfully - version: 4.0.5 - missing functions: none
symbol engine: initialized successfully - sym options: 0x614 - pdb path: .;C:\Program Files\Java\jdk-21\bin;C:\Windows\SYSTEM32;C:\Windows\WinSxS\amd64_microsoft.windows.common-controls_6595b64144ccf1df_6.0.22621.2506_none_270c5ae97388e100;C:\Program Files\Java\jdk-21\bin\server;D:\JetBrains\IntelliJ IDEA 2023.2.3\bin

VM Arguments:
jvm_args: -javaagent:D:\JetBrains\IntelliJ IDEA 2023.2.3\lib\idea_rt.jar=1669:D:\JetBrains\IntelliJ IDEA 2023.2.3\bin -Dfile.encoding=UTF-8 -Dsun.stdout.encoding=UTF-8 -Dsun.stderr.encoding=UTF-8 
java_command: ToDoList
java_class_path (initial): C:\Users\Q9gJYx\OneDrive - Duke University\Desktop\CS201\hm6\out\production\hm6
Launcher Type: SUN_STANDARD

[Global flags]
     intx CICompilerCount                          = 12                                        {product} {ergonomic}
     uint ConcGCThreads                            = 5                                         {product} {ergonomic}
     uint G1ConcRefinementThreads                  = 18                                        {product} {ergonomic}
   size_t G1HeapRegionSize                         = 4194304                                   {product} {ergonomic}
    uintx GCDrainStackTargetSize                   = 64                                        {product} {ergonomic}
   size_t InitialHeapSize                          = 532676608                                 {product} {ergonomic}
   size_t MarkStackSize                            = 4194304                                   {product} {ergonomic}
   size_t MaxHeapSize                              = 8522825728                                {product} {ergonomic}
   size_t MaxNewSize                               = 5112856576                                {product} {ergonomic}
   size_t MinHeapDeltaBytes                        = 4194304                                   {product} {ergonomic}
   size_t MinHeapSize                              = 8388608                                   {product} {ergonomic}
    uintx NonNMethodCodeHeapSize                   = 7602480                                {pd product} {ergonomic}
    uintx NonProfiledCodeHeapSize                  = 122027880                              {pd product} {ergonomic}
    uintx ProfiledCodeHeapSize                     = 122027880                              {pd product} {ergonomic}
    uintx ReservedCodeCacheSize                    = 251658240                              {pd product} {ergonomic}
     bool SegmentedCodeCache                       = true                                      {product} {ergonomic}
   size_t SoftMaxHeapSize                          = 8522825728                             {manageable} {ergonomic}
     bool UseCompressedOops                        = true                           {product lp64_product} {ergonomic}
     bool UseG1GC                                  = true                                      {product} {ergonomic}
     bool UseLargePagesIndividualAllocation        = false                                  {pd product} {ergonomic}

Logging:
Log output configuration:
 #0: stdout all=warning uptime,level,tags foldmultilines=false
 #1: stderr all=off uptime,level,tags foldmultilines=false

Environment Variables:
JAVA_HOME=C:\Program Files\Java\jdk-21
CLASSPATH=.;C:\Program Files\Java\jdk-21\lib\dt.jar;C:\Program Files\Java\jdk-21\lib\tools.jar;
PATH=D:\DNASTAR\Lasergene 17\SeqNinjaCL;D:\DNASTAR\Lasergene 17\ArrayStar;D:\DNASTAR\Lasergene 17;C:\Program Files\Java\jdk-21\bin;C:\Program Files\Java\jdk-21\jre\bin;C:\Windows;C:\Windows\system32;C:\Windows\System32\OpenSSH;C:\Windows\System32\Wbem;C:\Windows\System32\WindowsPowerShell\v1.0;C:\Program Files\dotnet\;D:\Git\cmd;C:\Program Files\NVIDIA Corporation\NVIDIA NvDLISR;C:\Program Files\Java\jdk-21\bin;C:\Program Files\Java\jdk-21\jre\bin;C:\Users\Q9gJYx\AppData\Local\Programs\Python\Python312\Scripts\;C:\Users\Q9gJYx\AppData\Local\Programs\Python\Python312\;C:\Users\Q9gJYx\AppData\Local\Microsoft\WindowsApps;D:\JetBrains\PyCharm 2023.2.2\bin;D:\JetBrains\IntelliJ IDEA 2023.2.3\bin;D:\FullProf_Suite
USERNAME=Q9gJYx
OS=Windows_NT
PROCESSOR_IDENTIFIER=Intel64 Family 6 Model 151 Stepping 2, GenuineIntel
TMP=C:\Users\Q9gJYx\AppData\Local\Temp
TEMP=C:\Users\Q9gJYx\AppData\Local\Temp




Periodic native trim disabled

---------------  S Y S T E M  ---------------

OS:
 Windows 11 , 64 bit Build 22621 (10.0.22621.2506)
OS uptime: 0 days 2:54 hours

CPU: total 24 (initial active 24) (12 cores per cpu, 2 threads per core) family 6 model 151 stepping 2 microcode 0x18, cx8, cmov, fxsr, ht, mmx, 3dnowpref, sse, sse2, sse3, ssse3, sse4.1, sse4.2, popcnt, lzcnt, tsc, tscinvbit, avx, avx2, aes, erms, clmul, bmi1, bmi2, adx, sha, fma, vzeroupper, clflush, clflushopt, clwb, serialize, rdtscp, rdpid, fsrm, f16c, pku, cet_ibt, cet_ss
Processor Information for processor 0
  Max Mhz: 3400, Current Mhz: 3400, Mhz Limit: 3400
Processor Information for processor 1
  Max Mhz: 3400, Current Mhz: 3400, Mhz Limit: 3400
Processor Information for processor 2
  Max Mhz: 3400, Current Mhz: 3400, Mhz Limit: 3400
Processor Information for processor 3
  Max Mhz: 3400, Current Mhz: 3400, Mhz Limit: 3400
Processor Information for processor 4
  Max Mhz: 3400, Current Mhz: 3400, Mhz Limit: 3400
Processor Information for processor 5
  Max Mhz: 3400, Current Mhz: 3400, Mhz Limit: 3400
Processor Information for processor 6
  Max Mhz: 3400, Current Mhz: 3400, Mhz Limit: 3400
Processor Information for processor 7
  Max Mhz: 3400, Current Mhz: 3400, Mhz Limit: 3400
Processor Information for processor 8
  Max Mhz: 3400, Current Mhz: 3400, Mhz Limit: 3400
Processor Information for processor 9
  Max Mhz: 3400, Current Mhz: 3400, Mhz Limit: 3400
Processor Information for processor 10
  Max Mhz: 3400, Current Mhz: 3400, Mhz Limit: 3400
Processor Information for processor 11
  Max Mhz: 3400, Current Mhz: 3400, Mhz Limit: 3400
Processor Information for processor 12
  Max Mhz: 3400, Current Mhz: 3400, Mhz Limit: 3400
Processor Information for processor 13
  Max Mhz: 3400, Current Mhz: 3400, Mhz Limit: 3400
Processor Information for processor 14
  Max Mhz: 3400, Current Mhz: 3400, Mhz Limit: 3400
Processor Information for processor 15
  Max Mhz: 3400, Current Mhz: 3400, Mhz Limit: 3400
Processor Information for processor 16
  Max Mhz: 3400, Current Mhz: 2600, Mhz Limit: 2584
Processor Information for processor 17
  Max Mhz: 3400, Current Mhz: 2600, Mhz Limit: 2584
Processor Information for processor 18
  Max Mhz: 3400, Current Mhz: 2600, Mhz Limit: 2584
Processor Information for processor 19
  Max Mhz: 3400, Current Mhz: 2600, Mhz Limit: 2584
Processor Information for processor 20
  Max Mhz: 3400, Current Mhz: 2600, Mhz Limit: 2584
Processor Information for processor 21
  Max Mhz: 3400, Current Mhz: 2600, Mhz Limit: 2584
Processor Information for processor 22
  Max Mhz: 3400, Current Mhz: 2600, Mhz Limit: 2584
Processor Information for processor 23
  Max Mhz: 3400, Current Mhz: 2600, Mhz Limit: 2584

Memory: 4k page, system-wide physical 32505M (21167M free)
TotalPageFile size 34553M (AvailPageFile size 19094M)
current process WorkingSet (physical memory assigned to process): 43M, peak: 43M
current process commit charge ("private bytes"): 621M, peak: 621M

vm_info: Java HotSpot(TM) 64-Bit Server VM (21.0.1+12-LTS-29) for windows-amd64 JRE (21.0.1+12-LTS-29), built on 2023-10-05T13:27:09Z by "mach5one" with MS VC++ 17.1 (VS2022)

END.
